# JRE version: OpenJDK Runtime Environment (21.0.5+11) (build 21.0.5+11-Ubuntu-1ubuntu122.04)
# Java VM: OpenJDK 64-Bit Server VM (21.0.5+11-Ubuntu-1ubuntu122.04, mixed mode, emulated-client, sharing, tiered, compressed oops, compressed class ptrs, g1 gc, linux-amd64)
GC Precious Log:
 CardTable entry size: 512
 Card Set container configuration: InlinePtr #cards 5 size 8 Array Of Cards #cards 12 size 40 Howl #buckets 4 coarsen threshold 1843 Howl Bitmap #cards 512 size 80 coarsen threshold 460 Card regions per heap region 1 cards per card region 2048
 CPUs: 4 total, 4 available
 Memory: 7823M
 Large Page Support: Disabled
 NUMA Support: Disabled
 Compressed Oops: Enabled (32-bit)
 Heap Region Size: 1M
 Heap Min Capacity: 8M
 Heap Initial Capacity: 124M
 Heap Max Capacity: 1956M
 Pre-touch: Disabled
 Parallel Workers: 4
 Concurrent Workers: 1
 Concurrent Refinement Workers: 4
 Periodic GC: Disabled
Heap:
 garbage-first heap   total 84992K, used 40283K [0x0000000085c00000, 0x0000000100000000)
  region size 1024K, 12 young (12288K), 5 survivors (5120K)
 Metaspace       used 84542K, committed 85504K, reserved 1179648K
  class space    used 11828K, committed 12288K, reserved 1048576K
GC Heap History (20 events):
Event: 5,677 GC heap before
{Heap before GC invocations=11 (full 0):
 garbage-first heap   total 70656K, used 58605K [0x0000000085c00000, 0x0000000100000000)
  region size 1024K, 38 young (38912K), 5 survivors (5120K)
 Metaspace       used 54833K, committed 55424K, reserved 1114112K
  class space    used 7638K, committed 7936K, reserved 1048576K
}
Event: 5,683 GC heap after
{Heap after GC invocations=12 (full 0):
 garbage-first heap   total 70656K, used 27827K [0x0000000085c00000, 0x0000000100000000)
  region size 1024K, 3 young (3072K), 3 survivors (3072K)
 Metaspace       used 54833K, committed 55424K, reserved 1114112K
  class space    used 7638K, committed 7936K, reserved 1048576K
}
Event: 12,736 GC heap before
{Heap before GC invocations=12 (full 0):
 garbage-first heap   total 70656K, used 59571K [0x0000000085c00000, 0x0000000100000000)
  region size 1024K, 35 young (35840K), 3 survivors (3072K)
 Metaspace       used 60389K, committed 61056K, reserved 1114112K
  class space    used 8507K, committed 8832K, reserved 1048576K
}
Event: 12,741 GC heap after
{Heap after GC invocations=13 (full 0):
 garbage-first heap   total 70656K, used 29131K [0x0000000085c00000, 0x0000000100000000)
  region size 1024K, 4 young (4096K), 4 survivors (4096K)
 Metaspace       used 60389K, committed 61056K, reserved 1114112K
  class space    used 8507K, committed 8832K, reserved 1048576K
}
Event: 13,172 GC heap before
{Heap before GC invocations=14 (full 0):
 garbage-first heap   total 70656K, used 61899K [0x0000000085c00000, 0x0000000100000000)
  region size 1024K, 36 young (36864K), 4 survivors (4096K)
 Metaspace       used 64427K, committed 65152K, reserved 1114112K
  class space    used 9117K, committed 9472K, reserved 1048576K
}
Event: 13,179 GC heap after
{Heap after GC invocations=15 (full 0):
 garbage-first heap   total 70656K, used 32196K [0x0000000085c00000, 0x0000000100000000)
  region size 1024K, 5 young (5120K), 5 survivors (5120K)
 Metaspace       used 64427K, committed 65152K, reserved 1114112K
  class space    used 9117K, committed 9472K, reserved 1048576K
}
Event: 13,497 GC heap before
{Heap before GC invocations=15 (full 0):
 garbage-first heap   total 70656K, used 60868K [0x0000000085c00000, 0x0000000100000000)
  region size 1024K, 33 young (33792K), 5 survivors (5120K)
 Metaspace       used 66694K, committed 67584K, reserved 1114112K
  class space    used 9447K, committed 9856K, reserved 1048576K
}
Event: 13,505 GC heap after
{Heap after GC invocations=16 (full 0):
 garbage-first heap   total 70656K, used 34261K [0x0000000085c00000, 0x0000000100000000)
  region size 1024K, 3 young (3072K), 3 survivors (3072K)
 Metaspace       used 66694K, committed 67584K, reserved 1114112K
  class space    used 9447K, committed 9856K, reserved 1048576K
}
Event: 13,777 GC heap before
{Heap before GC invocations=16 (full 0):
 garbage-first heap   total 70656K, used 62933K [0x0000000085c00000, 0x0000000100000000)
  region size 1024K, 31 young (31744K), 3 survivors (3072K)
 Metaspace       used 68450K, committed 69248K, reserved 1114112K
  class space    used 9741K, committed 10112K, reserved 1048576K
}
Event: 13,783 GC heap after
{Heap after GC invocations=17 (full 0):
 garbage-first heap   total 70656K, used 36773K [0x0000000085c00000, 0x0000000100000000)
  region size 1024K, 3 young (3072K), 3 survivors (3072K)
 Metaspace       used 68450K, committed 69248K, reserved 1114112K
  class space    used 9741K, committed 10112K, reserved 1048576K
}
Event: 14,208 GC heap before
{Heap before GC invocations=17 (full 0):
 garbage-first heap   total 70656K, used 62373K [0x0000000085c00000, 0x0000000100000000)
  region size 1024K, 28 young (28672K), 3 survivors (3072K)
 Metaspace       used 72069K, committed 72896K, reserved 1114112K
  class space    used 10262K, committed 10624K, reserved 1048576K
}
Event: 14,214 GC heap after
{Heap after GC invocations=18 (full 0):
 garbage-first heap   total 84992K, used 38918K [0x0000000085c00000, 0x0000000100000000)
  region size 1024K, 3 young (3072K), 3 survivors (3072K)
 Metaspace       used 72069K, committed 72896K, reserved 1114112K
  class space    used 10262K, committed 10624K, reserved 1048576K
}
Event: 18,508 GC heap before
{Heap before GC invocations=19 (full 0):
 garbage-first heap   total 84992K, used 74758K [0x0000000085c00000, 0x0000000100000000)
  region size 1024K, 39 young (39936K), 3 survivors (3072K)
 Metaspace       used 79545K, committed 80320K, reserved 1179648K
  class space    used 11182K, committed 11520K, reserved 1048576K
}
Event: 18,513 GC heap after
{Heap after GC invocations=20 (full 0):
 garbage-first heap   total 84992K, used 42920K [0x0000000085c00000, 0x0000000100000000)
  region size 1024K, 5 young (5120K), 5 survivors (5120K)
 Metaspace       used 79545K, committed 80320K, reserved 1179648K
  class space    used 11182K, committed 11520K, reserved 1048576K
}
Event: 108,340 GC heap before
{Heap before GC invocations=20 (full 0):
 garbage-first heap   total 84992K, used 73640K [0x0000000085c00000, 0x0000000100000000)
  region size 1024K, 36 young (36864K), 5 survivors (5120K)
 Metaspace       used 83355K, committed 84160K, reserved 1179648K
  class space    used 11699K, committed 12032K, reserved 1048576K
}
Event: 108,362 GC heap after
{Heap after GC invocations=21 (full 0):
 garbage-first heap   total 84992K, used 43902K [0x0000000085c00000, 0x0000000100000000)
  region size 1024K, 2 young (2048K), 2 survivors (2048K)
 Metaspace       used 83355K, committed 84160K, reserved 1179648K
  class space    used 11699K, committed 12032K, reserved 1048576K
}
Event: 270,114 GC heap before
{Heap before GC invocations=21 (full 0):
 garbage-first heap   total 84992K, used 72574K [0x0000000085c00000, 0x0000000100000000)
  region size 1024K, 32 young (32768K), 2 survivors (2048K)
 Metaspace       used 84633K, committed 85504K, reserved 1179648K
  class space    used 11879K, committed 12288K, reserved 1048576K
}
Event: 270,191 GC heap after
{Heap after GC invocations=22 (full 1):
 garbage-first heap   total 84992K, used 30257K [0x0000000085c00000, 0x0000000100000000)
  region size 1024K, 0 young (0K), 0 survivors (0K)
 Metaspace       used 84240K, committed 85504K, reserved 1179648K
  class space    used 11780K, committed 12288K, reserved 1048576K
}
Event: 270,786 GC heap before
{Heap before GC invocations=22 (full 1):
 garbage-first heap   total 84992K, used 73265K [0x0000000085c00000, 0x0000000100000000)
  region size 1024K, 43 young (44032K), 0 survivors (0K)
 Metaspace       used 84529K, committed 85504K, reserved 1179648K
  class space    used 11824K, committed 12288K, reserved 1048576K
}
Event: 270,796 GC heap after
{Heap after GC invocations=23 (full 1):
 garbage-first heap   total 84992K, used 35163K [0x0000000085c00000, 0x0000000100000000)
  region size 1024K, 5 young (5120K), 5 survivors (5120K)
 Metaspace       used 84529K, committed 85504K, reserved 1179648K
  class space    used 11824K, committed 12288K, reserved 1048576K
}

